app/build/intermediates/manifest_merge_blame_file/debug/manifest-merger-blame-debug-report.txt
1<?xml version="1.0" encoding="utf-8"?>
2<manifest xmlns:android="http://schemas.android.com/apk/res/android"
3    package="com.websarva.wings.android.tableorderapp"
4    android:versionCode="1"
5    android:versionName="1.0" >
6
7    <uses-sdk
8        android:minSdkVersion="21"
8-->src/main/AndroidManifest.xml
9        android:targetSdkVersion="31" />
9-->src/main/AndroidManifest.xml
10
11    <!-- Although the *SdkVersion is captured in gradle build files, this is required for non gradle builds -->
12    <!-- <uses-sdk android:minSdkVersion="14"/> -->
13    <uses-permission android:name="android.permission.ACCESS_NETWORK_STATE" />
13-->[com.google.firebase:firebase-database:20.0.0] AndroidManifest.xml:25:5-79
13-->[com.google.firebase:firebase-database:20.0.0] AndroidManifest.xml:25:22-76
14    <uses-permission android:name="android.permission.INTERNET" />
14-->[com.google.firebase:firebase-database:20.0.0] AndroidManifest.xml:26:5-67
14-->[com.google.firebase:firebase-database:20.0.0] AndroidManifest.xml:26:22-64
15
16    <application
16-->src/main/AndroidManifest.xml:5:5-34:19
17        android:allowBackup="true"
17-->src/main/AndroidManifest.xml:6:9-35
18        android:appComponentFactory="androidx.core.app.CoreComponentFactory"
18-->[androidx.core:core:1.5.0] AndroidManifest.xml:24:18-86
19        android:debuggable="true"
20        android:icon="@mipmap/ic_launcher"
20-->src/main/AndroidManifest.xml:7:9-43
21        android:label="@string/app_name"
21-->src/main/AndroidManifest.xml:8:9-41
22        android:roundIcon="@mipmap/ic_launcher"
22-->src/main/AndroidManifest.xml:9:9-48
23        android:supportsRtl="true"
23-->src/main/AndroidManifest.xml:10:9-35
24        android:testOnly="true"
25        android:theme="@style/Theme.TableOrderApp" >
25-->src/main/AndroidManifest.xml:11:9-51
26        <activity
26-->src/main/AndroidManifest.xml:12:9-15:53
27            android:name="com.websarva.wings.android.tableorderapp.admin.editmenu.MenuEditActivity"
27-->src/main/AndroidManifest.xml:13:13-60
28            android:exported="true"
28-->src/main/AndroidManifest.xml:14:13-36
29            android:screenOrientation="landscape" />
29-->src/main/AndroidManifest.xml:15:13-50
30        <activity
30-->src/main/AndroidManifest.xml:16:9-19:53
31            android:name="com.websarva.wings.android.tableorderapp.customer.customerstart.CustomerStartActivity"
31-->src/main/AndroidManifest.xml:17:13-73
32            android:exported="true"
32-->src/main/AndroidManifest.xml:18:13-36
33            android:screenOrientation="landscape" />
33-->src/main/AndroidManifest.xml:19:13-50
34        <activity
34-->src/main/AndroidManifest.xml:20:9-23:53
35            android:name="com.websarva.wings.android.tableorderapp.customer.ordermenu.OrderActivity"
35-->src/main/AndroidManifest.xml:21:13-61
36            android:exported="true"
36-->src/main/AndroidManifest.xml:22:13-36
37            android:screenOrientation="landscape" />
37-->src/main/AndroidManifest.xml:23:13-50
38        <activity
38-->src/main/AndroidManifest.xml:24:9-33:20
39            android:name="com.websarva.wings.android.tableorderapp.SelectionActivity"
39-->src/main/AndroidManifest.xml:25:13-46
40            android:exported="true"
40-->src/main/AndroidManifest.xml:26:13-36
41            android:screenOrientation="landscape" >
41-->src/main/AndroidManifest.xml:27:13-50
42            <intent-filter>
42-->src/main/AndroidManifest.xml:28:13-32:29
43                <action android:name="android.intent.action.MAIN" />
43-->src/main/AndroidManifest.xml:29:17-69
43-->src/main/AndroidManifest.xml:29:25-66
44
45                <category android:name="android.intent.category.LAUNCHER" />
45-->src/main/AndroidManifest.xml:31:17-77
45-->src/main/AndroidManifest.xml:31:27-74
46            </intent-filter>
47        </activity>
48
49        <service
49-->[com.google.firebase:firebase-database:20.0.0] AndroidManifest.xml:29:9-35:19
50            android:name="com.google.firebase.components.ComponentDiscoveryService"
50-->[com.google.firebase:firebase-database:20.0.0] AndroidManifest.xml:30:13-84
51            android:directBootAware="true"
51-->[com.google.firebase:firebase-common:20.0.0] AndroidManifest.xml:35:13-43
52            android:exported="false" >
52-->[com.google.firebase:firebase-database:20.0.0] AndroidManifest.xml:31:13-37
53            <meta-data
53-->[com.google.firebase:firebase-database:20.0.0] AndroidManifest.xml:32:13-34:85
54                android:name="com.google.firebase.components:com.google.firebase.database.DatabaseRegistrar"
54-->[com.google.firebase:firebase-database:20.0.0] AndroidManifest.xml:33:17-109
55                android:value="com.google.firebase.components.ComponentRegistrar" />
55-->[com.google.firebase:firebase-database:20.0.0] AndroidManifest.xml:34:17-82
56        </service>
57
58        <provider
58-->[com.google.firebase:firebase-common:20.0.0] AndroidManifest.xml:26:9-31:39
59            android:name="com.google.firebase.provider.FirebaseInitProvider"
59-->[com.google.firebase:firebase-common:20.0.0] AndroidManifest.xml:27:13-77
60            android:authorities="com.websarva.wings.android.tableorderapp.firebaseinitprovider"
60-->[com.google.firebase:firebase-common:20.0.0] AndroidManifest.xml:28:13-72
61            android:directBootAware="true"
61-->[com.google.firebase:firebase-common:20.0.0] AndroidManifest.xml:29:13-43
62            android:exported="false"
62-->[com.google.firebase:firebase-common:20.0.0] AndroidManifest.xml:30:13-37
63            android:initOrder="100" />
63-->[com.google.firebase:firebase-common:20.0.0] AndroidManifest.xml:31:13-36
64
65        <activity
65-->[com.google.android.gms:play-services-base:17.1.0] AndroidManifest.xml:23:9-26:75
66            android:name="com.google.android.gms.common.api.GoogleApiActivity"
66-->[com.google.android.gms:play-services-base:17.1.0] AndroidManifest.xml:24:13-79
67            android:exported="false"
67-->[com.google.android.gms:play-services-base:17.1.0] AndroidManifest.xml:25:13-37
68            android:theme="@android:style/Theme.Translucent.NoTitleBar" />
68-->[com.google.android.gms:play-services-base:17.1.0] AndroidManifest.xml:26:13-72
69
70        <meta-data
70-->[com.google.android.gms:play-services-basement:17.0.0] AndroidManifest.xml:23:9-25:69
71            android:name="com.google.android.gms.version"
71-->[com.google.android.gms:play-services-basement:17.0.0] AndroidManifest.xml:24:13-58
72            android:value="@integer/google_play_services_version" />
72-->[com.google.android.gms:play-services-basement:17.0.0] AndroidManifest.xml:25:13-66
73    </application>
74
75</manifest>